<?xml version="1.0" encoding="UTF-8"?>
<testsuite name="com.example.demo.HelloControllerUnitTest" tests="1" skipped="0" failures="0" errors="0" timestamp="2025-09-20T21:28:24" hostname="MAHESHLAPTOP" time="0.162">
  <properties/>
  <testcase name="helloEndpointShouldReturnGoogleHtml()" classname="com.example.demo.HelloControllerUnitTest" time="0.162"/>
  <system-out><![CDATA[2025-09-20T17:28:24.052-04:00  INFO 32852 --- [    Test worker] t.c.s.AnnotationConfigContextLoaderUtils : Could not detect default configuration classes for test class [com.example.demo.HelloControllerUnitTest]: HelloControllerUnitTest does not declare any static, non-private, non-final, nested classes annotated with @Configuration.
2025-09-20T17:28:24.073-04:00  INFO 32852 --- [    Test worker] .b.t.c.SpringBootTestContextBootstrapper : Found @SpringBootConfiguration com.example.demo.DemoApplication for test class com.example.demo.HelloControllerUnitTest

  .   ____          _            __ _ _
 /\\ / ___'_ __ _ _(_)_ __  __ _ \ \ \ \
( ( )\___ | '_ | '_| | '_ \/ _` | \ \ \ \
 \\/  ___)| |_)| | | | | || (_| |  ) ) ) )
  '  |____| .__|_| |_|_| |_\__, | / / / /
 =========|_|==============|___/=/_/_/_/
 :: Spring Boot ::                (v3.2.5)

2025-09-20T17:28:24.117-04:00  INFO 32852 --- [    Test worker] c.example.demo.HelloControllerUnitTest   : Starting HelloControllerUnitTest using Java 21.0.7 with PID 32852 (started by veena in C:\workspace\springboot)
2025-09-20T17:28:24.118-04:00  INFO 32852 --- [    Test worker] c.example.demo.HelloControllerUnitTest   : No active profile set, falling back to 1 default profile: "default"
2025-09-20T17:28:24.387-04:00  INFO 32852 --- [    Test worker] o.s.b.t.m.w.SpringBootMockServletContext : Initializing Spring TestDispatcherServlet ''
2025-09-20T17:28:24.388-04:00  INFO 32852 --- [    Test worker] o.s.t.web.servlet.TestDispatcherServlet  : Initializing Servlet ''
2025-09-20T17:28:24.389-04:00  INFO 32852 --- [    Test worker] o.s.t.web.servlet.TestDispatcherServlet  : Completed initialization in 1 ms
2025-09-20T17:28:24.401-04:00  INFO 32852 --- [    Test worker] c.example.demo.HelloControllerUnitTest   : Started HelloControllerUnitTest in 0.318 seconds (process running for 5.743)
]]></system-out>
  <system-err><![CDATA[]]></system-err>
</testsuite>
