<?xml version="1.0" encoding="UTF-8"?>
<testsuite name="com.example.demo.HelloControllerTest" tests="1" skipped="0" failures="0" errors="0" timestamp="2025-09-20T21:28:22" hostname="MAHESHLAPTOP" time="1.722">
  <properties/>
  <testcase name="helloEndpointReturnsGoogleHtml()" classname="com.example.demo.HelloControllerTest" time="1.722"/>
  <system-out><![CDATA[17:28:19.699 [Test worker] INFO org.springframework.test.context.support.AnnotationConfigContextLoaderUtils -- Could not detect default configuration classes for test class [com.example.demo.HelloControllerTest]: HelloControllerTest does not declare any static, non-private, non-final, nested classes annotated with @Configuration.
17:28:19.833 [Test worker] INFO org.springframework.boot.test.context.SpringBootTestContextBootstrapper -- Found @SpringBootConfiguration com.example.demo.DemoApplication for test class com.example.demo.HelloControllerTest

  .   ____          _            __ _ _
 /\\ / ___'_ __ _ _(_)_ __  __ _ \ \ \ \
( ( )\___ | '_ | '_| | '_ \/ _` | \ \ \ \
 \\/  ___)| |_)| | | | | || (_| |  ) ) ) )
  '  |____| .__|_| |_|_| |_\__, | / / / /
 =========|_|==============|___/=/_/_/_/
 :: Spring Boot ::                (v3.2.5)

2025-09-20T17:28:20.275-04:00  INFO 32852 --- [    Test worker] com.example.demo.HelloControllerTest     : Starting HelloControllerTest using Java 21.0.7 with PID 32852 (started by veena in C:\workspace\springboot)
2025-09-20T17:28:20.277-04:00  INFO 32852 --- [    Test worker] com.example.demo.HelloControllerTest     : No active profile set, falling back to 1 default profile: "default"
2025-09-20T17:28:21.523-04:00  INFO 32852 --- [    Test worker] o.s.b.w.embedded.tomcat.TomcatWebServer  : Tomcat initialized with port 0 (http)
2025-09-20T17:28:21.542-04:00  INFO 32852 --- [    Test worker] o.apache.catalina.core.StandardService   : Starting service [Tomcat]
2025-09-20T17:28:21.543-04:00  INFO 32852 --- [    Test worker] o.apache.catalina.core.StandardEngine    : Starting Servlet engine: [Apache Tomcat/10.1.20]
2025-09-20T17:28:21.643-04:00  INFO 32852 --- [    Test worker] o.a.c.c.C.[Tomcat].[localhost].[/]       : Initializing Spring embedded WebApplicationContext
2025-09-20T17:28:21.644-04:00  INFO 32852 --- [    Test worker] w.s.c.ServletWebServerApplicationContext : Root WebApplicationContext: initialization completed in 1344 ms
2025-09-20T17:28:22.301-04:00  INFO 32852 --- [    Test worker] o.s.b.w.embedded.tomcat.TomcatWebServer  : Tomcat started on port 52396 (http) with context path ''
2025-09-20T17:28:22.309-04:00  INFO 32852 --- [    Test worker] com.example.demo.HelloControllerTest     : Started HelloControllerTest in 2.317 seconds (process running for 3.651)
2025-09-20T17:28:23.340-04:00  INFO 32852 --- [o-auto-1-exec-1] o.a.c.c.C.[Tomcat].[localhost].[/]       : Initializing Spring DispatcherServlet 'dispatcherServlet'
2025-09-20T17:28:23.340-04:00  INFO 32852 --- [o-auto-1-exec-1] o.s.web.servlet.DispatcherServlet        : Initializing Servlet 'dispatcherServlet'
2025-09-20T17:28:23.341-04:00  INFO 32852 --- [o-auto-1-exec-1] o.s.web.servlet.DispatcherServlet        : Completed initialization in 1 ms
]]></system-out>
  <system-err><![CDATA[WARNING: A Java agent has been loaded dynamically (C:\Users\veena\.gradle\caches\modules-2\files-2.1\net.bytebuddy\byte-buddy-agent\1.14.13\979ce25f7d3096a2e82214ba7dc972a05ce7a171\byte-buddy-agent-1.14.13.jar)
WARNING: If a serviceability tool is in use, please run with -XX:+EnableDynamicAgentLoading to hide this warning
WARNING: If a serviceability tool is not in use, please run with -Djdk.instrument.traceUsage for more information
WARNING: Dynamic loading of agents will be disallowed by default in a future release
]]></system-err>
</testsuite>
